{"numTotalTestSuites":3,"numPassedTestSuites":0,"numFailedTestSuites":3,"numPendingTestSuites":0,"numTotalTests":0,"numPassedTests":0,"numFailedTests":0,"numPendingTests":0,"numTodoTests":0,"startTime":1762822223229,"success":false,"testResults":[{"assertionResults":[],"startTime":1762822223229,"endTime":1762822223229,"status":"failed","message":"Failed to resolve entry for package \"@cin7/design-tokens\". The package may have incorrect main/module/exports specified in its package.json.","name":"/Users/karo/Library/Mobile Documents/com~apple~CloudDocs/Github/cin7-design-system-library/packages/ag-charts-adapter/src/tests/components/BarChart.test.tsx"},{"assertionResults":[],"startTime":1762822223229,"endTime":1762822223229,"status":"failed","message":"Failed to resolve entry for package \"@cin7/design-tokens\". The package may have incorrect main/module/exports specified in its package.json.","name":"/Users/karo/Library/Mobile Documents/com~apple~CloudDocs/Github/cin7-design-system-library/packages/ag-charts-adapter/src/tests/components/LineChart.test.tsx"},{"assertionResults":[],"startTime":1762822223229,"endTime":1762822223229,"status":"failed","message":"Failed to resolve entry for package \"@cin7/design-tokens\". The package may have incorrect main/module/exports specified in its package.json.","name":"/Users/karo/Library/Mobile Documents/com~apple~CloudDocs/Github/cin7-design-system-library/packages/ag-charts-adapter/src/tests/utils/DataTransformers.test.ts"}]}