{"numTotalTestSuites":20,"numPassedTestSuites":19,"numFailedTestSuites":1,"numPendingTestSuites":0,"numTotalTests":34,"numPassedTests":34,"numFailedTests":0,"numPendingTests":0,"numTodoTests":0,"startTime":1762805507683,"success":false,"testResults":[{"assertionResults":[],"startTime":1762805507683,"endTime":1762805507683,"status":"failed","message":"Failed to resolve import \"@testing-library/react\" from \"src/tests/components/LineChart.test.tsx\". Does the file exist?","name":"/Users/karo/Library/Mobile Documents/com~apple~CloudDocs/Github/cin7-design-system-library/packages/ag-charts-adapter/src/tests/components/LineChart.test.tsx"},{"assertionResults":[{"ancestorTitles":["","DataTransformers","transformTimeSeries"],"fullName":" DataTransformers transformTimeSeries transforms timestamp and value pairs correctly","status":"passed","title":"transforms timestamp and value pairs correctly","duration":1,"failureMessages":[]},{"ancestorTitles":["","DataTransformers","transformTimeSeries"],"fullName":" DataTransformers transformTimeSeries handles string timestamps","status":"passed","title":"handles string timestamps","duration":0,"failureMessages":[]},{"ancestorTitles":["","DataTransformers","transformTimeSeries"],"fullName":" DataTransformers transformTimeSeries handles numeric timestamps","status":"passed","title":"handles numeric timestamps","duration":0,"failureMessages":[]},{"ancestorTitles":["","DataTransformers","transformTimeSeries"],"fullName":" DataTransformers transformTimeSeries uses custom key names","status":"passed","title":"uses custom key names","duration":0,"failureMessages":[]},{"ancestorTitles":["","DataTransformers","transformTimeSeries"],"fullName":" DataTransformers transformTimeSeries handles empty data","status":"passed","title":"handles empty data","duration":0,"failureMessages":[]},{"ancestorTitles":["","DataTransformers","transformCategoryData"],"fullName":" DataTransformers transformCategoryData transforms category and value pairs correctly","status":"passed","title":"transforms category and value pairs correctly","duration":0,"failureMessages":[]},{"ancestorTitles":["","DataTransformers","transformCategoryData"],"fullName":" DataTransformers transformCategoryData uses custom value key","status":"passed","title":"uses custom value key","duration":1,"failureMessages":[]},{"ancestorTitles":["","DataTransformers","transformCategoryData"],"fullName":" DataTransformers transformCategoryData handles empty data","status":"passed","title":"handles empty data","duration":0,"failureMessages":[]},{"ancestorTitles":["","DataTransformers","transformPieData"],"fullName":" DataTransformers transformPieData transforms data for pie chart correctly","status":"passed","title":"transforms data for pie chart correctly","duration":0,"failureMessages":[]},{"ancestorTitles":["","DataTransformers","transformPieData"],"fullName":" DataTransformers transformPieData uses custom key names","status":"passed","title":"uses custom key names","duration":0,"failureMessages":[]},{"ancestorTitles":["","DataTransformers","transformPieData"],"fullName":" DataTransformers transformPieData handles empty data","status":"passed","title":"handles empty data","duration":0,"failureMessages":[]},{"ancestorTitles":["","DataTransformers","groupBy"],"fullName":" DataTransformers groupBy groups data by field correctly","status":"passed","title":"groups data by field correctly","duration":0,"failureMessages":[]},{"ancestorTitles":["","DataTransformers","groupBy"],"fullName":" DataTransformers groupBy handles empty data","status":"passed","title":"handles empty data","duration":0,"failureMessages":[]},{"ancestorTitles":["","DataTransformers","sumBy"],"fullName":" DataTransformers sumBy sums values by group correctly","status":"passed","title":"sums values by group correctly","duration":0,"failureMessages":[]},{"ancestorTitles":["","DataTransformers","sumBy"],"fullName":" DataTransformers sumBy handles missing values","status":"passed","title":"handles missing values","duration":0,"failureMessages":[]},{"ancestorTitles":["","DataTransformers","averageBy"],"fullName":" DataTransformers averageBy calculates average by group correctly","status":"passed","title":"calculates average by group correctly","duration":0,"failureMessages":[]},{"ancestorTitles":["","DataTransformers","averageBy"],"fullName":" DataTransformers averageBy handles empty groups","status":"passed","title":"handles empty groups","duration":0,"failureMessages":[]},{"ancestorTitles":["","DataTransformers","countBy"],"fullName":" DataTransformers countBy counts items by group correctly","status":"passed","title":"counts items by group correctly","duration":1,"failureMessages":[]},{"ancestorTitles":["","DataTransformers","sortBy"],"fullName":" DataTransformers sortBy sorts data by field in ascending order","status":"passed","title":"sorts data by field in ascending order","duration":0,"failureMessages":[]},{"ancestorTitles":["","DataTransformers","sortBy"],"fullName":" DataTransformers sortBy sorts data by field in descending order","status":"passed","title":"sorts data by field in descending order","duration":0,"failureMessages":[]},{"ancestorTitles":["","DataTransformers","filterBy"],"fullName":" DataTransformers filterBy filters data by predicate","status":"passed","title":"filters data by predicate","duration":0,"failureMessages":[]},{"ancestorTitles":["","DataTransformers","transformMultipleSeries"],"fullName":" DataTransformers transformMultipleSeries transforms data for multiple series charts","status":"passed","title":"transforms data for multiple series charts","duration":0,"failureMessages":[]},{"ancestorTitles":["","DataTransformers","transformMultipleSeries"],"fullName":" DataTransformers transformMultipleSeries handles missing categories in some series","status":"passed","title":"handles missing categories in some series","duration":0,"failureMessages":[]},{"ancestorTitles":["","DataTransformers","calculatePercentage"],"fullName":" DataTransformers calculatePercentage calculates percentage distribution correctly","status":"passed","title":"calculates percentage distribution correctly","duration":0,"failureMessages":[]},{"ancestorTitles":["","DataTransformers","calculatePercentage"],"fullName":" DataTransformers calculatePercentage handles zero total","status":"passed","title":"handles zero total","duration":0,"failureMessages":[]},{"ancestorTitles":["","DataTransformers","fillTimeGaps"],"fullName":" DataTransformers fillTimeGaps fills missing time points with default value","status":"passed","title":"fills missing time points with default value","duration":0,"failureMessages":[]},{"ancestorTitles":["","DataTransformers","fillTimeGaps"],"fullName":" DataTransformers fillTimeGaps handles empty data","status":"passed","title":"handles empty data","duration":0,"failureMessages":[]},{"ancestorTitles":["","DataTransformers","fillTimeGaps"],"fullName":" DataTransformers fillTimeGaps handles single data point","status":"passed","title":"handles single data point","duration":0,"failureMessages":[]},{"ancestorTitles":["","DataTransformers","movingAverage"],"fullName":" DataTransformers movingAverage calculates moving average correctly","status":"passed","title":"calculates moving average correctly","duration":1,"failureMessages":[]},{"ancestorTitles":["","DataTransformers","movingAverage"],"fullName":" DataTransformers movingAverage handles window size larger than data","status":"passed","title":"handles window size larger than data","duration":0,"failureMessages":[]},{"ancestorTitles":["","DataTransformers","movingAverage"],"fullName":" DataTransformers movingAverage handles empty data","status":"passed","title":"handles empty data","duration":0,"failureMessages":[]},{"ancestorTitles":["","CommonTransformers","salesByPeriod"],"fullName":" CommonTransformers salesByPeriod transforms sales data by period","status":"passed","title":"transforms sales data by period","duration":0,"failureMessages":[]},{"ancestorTitles":["","CommonTransformers","productPerformance"],"fullName":" CommonTransformers productPerformance transforms product performance data","status":"passed","title":"transforms product performance data","duration":0,"failureMessages":[]},{"ancestorTitles":["","CommonTransformers","marketShare"],"fullName":" CommonTransformers marketShare transforms market share data","status":"passed","title":"transforms market share data","duration":0,"failureMessages":[]}],"startTime":1762805508196,"endTime":1762805508200,"status":"passed","message":"","name":"/Users/karo/Library/Mobile Documents/com~apple~CloudDocs/Github/cin7-design-system-library/packages/ag-charts-adapter/src/tests/utils/DataTransformers.test.ts"}]}